<?xml version="1.0" encoding="UTF-8"?>
<!-- Generated by org.testng.reporters.JUnitReportReporter -->
<testsuite name="TestThinvent.com.FinalInquiries" tests="1" time="164.582" ignored="0" failures="0" timestamp="15 六月 2017 03:23:09 GMT" skipped="0" hostname="xhmdeMac-mini.local" errors="0">
  <testcase name="Inquiries" time="164.582" classname="TestThinvent.com.FinalInquiries"/>
</testsuite> <!-- TestThinvent.com.FinalInquiries -->
